2025-10-31 20:12:33,293 - INFO - Starting ADVANCED NFL Betting Trainer
2025-10-31 20:12:33,295 - INFO - Target: 80-90% accuracy with 100k+ samples
2025-10-31 20:12:33,295 - INFO - ============================================================
2025-10-31 20:12:33,295 - INFO - Loading ALL NFL data for maximum samples...
2025-10-31 20:12:33,302 - INFO - Loaded nfl_data/passing_stats_historical_clean.csv: 2686 records
2025-10-31 20:12:33,335 - INFO - Loaded nfl_data/rushing_stats_historical_clean.csv: 13167 records
2025-10-31 20:12:33,359 - INFO - Loaded nfl_data/receiving_stats_historical_clean.csv: 14512 records
2025-10-31 20:12:33,412 - INFO - Loaded nfl_data/defense_stats_historical_clean.csv: 33646 records
2025-10-31 20:12:33,427 - INFO - Loaded nfl_data/scoring_stats_historical_clean.csv: 12082 records
2025-10-31 20:12:33,454 - INFO - Loaded nfl_data/scrimmage_stats_historical_clean.csv: 15271 records
2025-10-31 20:12:33,464 - INFO - Loaded nfl_data/returns_stats_historical_clean.csv: 5874 records
2025-10-31 20:12:33,469 - INFO - Loaded processed_data/processed_defense_data.csv: 3434 records
2025-10-31 20:12:33,471 - INFO - Loaded processed_data/processed_kicking_data.csv: 1190 records
2025-10-31 20:12:33,475 - INFO - Loaded processed_data/processed_receiving_data.csv: 12637 records
2025-10-31 20:12:33,477 - INFO - Loaded processed_data/processed_rushing_data.csv: 2773 records
2025-10-31 20:12:33,527 - INFO - TOTAL COMBINED DATASET: 117272 records
2025-10-31 20:12:33,782 - INFO - Creating advanced betting targets...
2025-10-31 20:12:33,819 - INFO -    Skipped qb_consistent_200plus: 1.4% hit rate (not optimal for high accuracy)
2025-10-31 20:12:33,821 - INFO -    Skipped qb_elite_performance: 1.2% hit rate (not optimal for high accuracy)
2025-10-31 20:12:33,821 - INFO -    Skipped rb_significant_carries: 3.8% hit rate (not optimal for high accuracy)
2025-10-31 20:12:33,822 - INFO -    Skipped rb_breakout_game: 3.0% hit rate (not optimal for high accuracy)
2025-10-31 20:12:33,824 - INFO -    Skipped wr_productive_game: 5.4% hit rate (not optimal for high accuracy)
2025-10-31 20:12:33,825 - INFO -    Skipped wr_explosive_game: 4.4% hit rate (not optimal for high accuracy)
2025-10-31 20:12:33,826 - INFO -    Skipped above_average_performer: 12.9% hit rate (not optimal for high accuracy)
2025-10-31 20:12:33,827 - INFO -    Skipped elite_performer: 5.2% hit rate (not optimal for high accuracy)
2025-10-31 20:12:33,827 - INFO -    Skipped outperforms_team_avg: 6.4% hit rate (not optimal for high accuracy)
2025-10-31 20:12:33,827 - INFO -    Skipped veteran_production: 4.0% hit rate (not optimal for high accuracy)
2025-10-31 20:12:33,828 - INFO -    Skipped young_star_emergence: 3.4% hit rate (not optimal for high accuracy)
2025-10-31 20:12:33,828 - INFO - Created 0 advanced betting targets
2025-10-31 20:12:33,828 - ERROR - No valid targets created!
2025-10-31 20:35:51,560 - INFO - Starting ADVANCED NFL Betting Trainer
2025-10-31 20:35:51,562 - INFO - Target: 80-90% accuracy with 100k+ samples
2025-10-31 20:35:51,562 - INFO - ============================================================
2025-10-31 20:35:51,562 - INFO - Loading ALL NFL data for maximum samples...
2025-10-31 20:35:51,569 - INFO - Loaded nfl_data/passing_stats_historical_clean.csv: 2686 records
2025-10-31 20:35:51,592 - INFO - Loaded nfl_data/rushing_stats_historical_clean.csv: 13167 records
2025-10-31 20:35:51,615 - INFO - Loaded nfl_data/receiving_stats_historical_clean.csv: 14512 records
2025-10-31 20:35:51,666 - INFO - Loaded nfl_data/defense_stats_historical_clean.csv: 33646 records
2025-10-31 20:35:51,680 - INFO - Loaded nfl_data/scoring_stats_historical_clean.csv: 12082 records
2025-10-31 20:35:51,708 - INFO - Loaded nfl_data/scrimmage_stats_historical_clean.csv: 15271 records
2025-10-31 20:35:51,719 - INFO - Loaded nfl_data/returns_stats_historical_clean.csv: 5874 records
2025-10-31 20:35:51,723 - INFO - Loaded processed_data/processed_defense_data.csv: 3434 records
2025-10-31 20:35:51,725 - INFO - Loaded processed_data/processed_kicking_data.csv: 1190 records
2025-10-31 20:35:51,729 - INFO - Loaded processed_data/processed_receiving_data.csv: 12637 records
2025-10-31 20:35:51,731 - INFO - Loaded processed_data/processed_rushing_data.csv: 2773 records
2025-10-31 20:35:51,779 - INFO - TOTAL COMBINED DATASET: 117272 records
2025-10-31 20:35:52,014 - INFO - Creating advanced betting targets...
2025-10-31 20:35:52,092 - INFO -    Skipped above_median_yards: 12.9% hit rate
2025-10-31 20:35:52,093 - INFO -    Skipped top_quartile_yards: 6.5% hit rate
2025-10-31 20:35:52,093 - INFO -    Skipped productive_performance: 18.6% hit rate
2025-10-31 20:35:52,093 - INFO -    Skipped scored_touchdown: 14.2% hit rate
2025-10-31 20:35:52,093 - INFO -    Skipped multiple_touchdowns: 11.7% hit rate
2025-10-31 20:35:52,093 - INFO -    regular_player: 43.4% hit rate
2025-10-31 20:35:52,093 - INFO -    frequent_player: 23.5% hit rate
2025-10-31 20:35:52,095 - INFO -    Skipped above_avg_performance: 12.9% hit rate
2025-10-31 20:35:52,095 - INFO -    Skipped strong_performance: 9.1% hit rate
2025-10-31 20:35:52,095 - INFO -    veteran_experience: 32.7% hit rate
2025-10-31 20:35:52,095 - INFO -    prime_age_player: 38.0% hit rate
2025-10-31 20:35:52,095 - INFO -    major_team_player: 48.8% hit rate
2025-10-31 20:35:52,096 - INFO -    Skipped qb_above_pos_median: 2.2% hit rate
2025-10-31 20:35:52,096 - INFO -    Skipped rb_above_pos_median: 3.2% hit rate
2025-10-31 20:35:52,096 - INFO -    Skipped wr_above_pos_median: 4.3% hit rate
2025-10-31 20:35:52,096 - INFO -    Skipped te_above_pos_median: 2.0% hit rate
2025-10-31 20:35:52,096 - INFO -    Skipped consistent_producer: 12.9% hit rate
2025-10-31 20:35:52,096 - INFO - Created 5 advanced betting targets
2025-10-31 20:35:52,098 - INFO - Creating sophisticated feature engineering...
2025-10-31 20:36:05,720 - INFO - Created 253 sophisticated features
2025-10-31 20:36:05,734 - INFO - Creating temporal train/test splits...
2025-10-31 20:36:05,918 - INFO - Train: 99681 samples, Test: 17591 samples
2025-10-31 20:36:05,926 - INFO - Training advanced ensemble models...
2025-10-31 20:36:05,926 - INFO - Training advanced model 1/5: regular_player
