2025-10-31 20:04:45,741 - INFO - Starting FINAL NFL Betting Trainer
2025-10-31 20:04:45,741 - INFO - ============================================================
2025-10-31 20:04:45,741 - INFO - Loading real NFL data...
2025-10-31 20:04:45,752 - INFO - Loaded nfl_data/passing_stats_historical_clean.csv: 2686 records
2025-10-31 20:04:45,778 - INFO - Loaded nfl_data/rushing_stats_historical_clean.csv: 13167 records
2025-10-31 20:04:45,798 - INFO - Loaded nfl_data/receiving_stats_historical_clean.csv: 14512 records
2025-10-31 20:04:45,814 - INFO - Loaded nfl_data/scoring_stats_historical_clean.csv: 12082 records
2025-10-31 20:04:45,828 - INFO - Combined dataset: 42447 total records
2025-10-31 20:04:45,880 - INFO - Creating realistic betting targets...
2025-10-31 20:04:45,885 - INFO -    Skipped qb_over_250_yards: 3.6% hit rate (too extreme)
2025-10-31 20:04:45,885 - INFO -    Skipped qb_over_300_yards: 3.3% hit rate (too extreme)
2025-10-31 20:04:45,885 - INFO -    rb_over_100_yards: 8.8% hit rate
2025-10-31 20:04:45,886 - INFO -    rb_over_50_yards: 11.1% hit rate
2025-10-31 20:04:45,887 - INFO -    wr_over_80_yards: 13.1% hit rate
2025-10-31 20:04:45,887 - INFO -    wr_over_60_yards: 14.3% hit rate
2025-10-31 20:04:45,887 - INFO -    player_over_25_yards: 38.8% hit rate
2025-10-31 20:04:45,888 - INFO -    player_over_75_yards: 29.3% hit rate
2025-10-31 20:04:45,888 - INFO -    player_scores_td: 39.1% hit rate
2025-10-31 20:04:45,888 - INFO - Created 7 realistic betting targets
2025-10-31 20:04:45,888 - INFO - Creating predictive features...
2025-10-31 20:04:45,991 - INFO - Created 113 features
2025-10-31 20:04:45,991 - INFO - Creating temporal train/test splits...
2025-10-31 20:04:46,023 - INFO - Train: 33957 samples, Test: 8490 samples
2025-10-31 20:04:46,025 - INFO - Training XGBoost classification models...
2025-10-31 20:04:46,025 - INFO - Training model 1/7: rb_over_100_yards
2025-10-31 20:04:47,389 - INFO -    rb_over_100_yards: 0.546 training accuracy
2025-10-31 20:04:47,392 - INFO - Training model 2/7: rb_over_50_yards
2025-10-31 20:04:48,573 - INFO -    rb_over_50_yards: 0.519 training accuracy
2025-10-31 20:04:48,578 - INFO - Training model 3/7: wr_over_80_yards
2025-10-31 20:04:49,744 - INFO -    wr_over_80_yards: 0.574 training accuracy
2025-10-31 20:04:49,747 - INFO - Training model 4/7: wr_over_60_yards
2025-10-31 20:04:50,913 - INFO -    wr_over_60_yards: 0.555 training accuracy
2025-10-31 20:04:50,916 - INFO - Training model 5/7: player_over_25_yards
2025-10-31 20:04:52,078 - INFO -    player_over_25_yards: 0.576 training accuracy
2025-10-31 20:04:52,081 - INFO - Training model 6/7: player_over_75_yards
2025-10-31 20:04:53,245 - INFO -    player_over_75_yards: 0.553 training accuracy
2025-10-31 20:04:53,248 - INFO - Training model 7/7: player_scores_td
2025-10-31 20:04:54,410 - INFO -    player_scores_td: 0.584 training accuracy
2025-10-31 20:04:54,413 - INFO - Evaluating models on test set...
2025-10-31 20:04:54,462 - INFO - rb_over_100_yards:
2025-10-31 20:04:54,462 - INFO -    Accuracy: 0.531 (baseline: 0.912)
2025-10-31 20:04:54,462 - INFO -    AUC: 0.500
2025-10-31 20:04:54,462 - INFO -    Hit Rate: 8.8%
2025-10-31 20:04:54,510 - INFO - rb_over_50_yards:
2025-10-31 20:04:54,510 - INFO -    Accuracy: 0.481 (baseline: 0.891)
2025-10-31 20:04:54,510 - INFO -    AUC: 0.505
2025-10-31 20:04:54,510 - INFO -    Hit Rate: 10.9%
2025-10-31 20:04:54,556 - INFO - wr_over_80_yards:
2025-10-31 20:04:54,556 - INFO -    Accuracy: 0.576 (baseline: 0.867)
2025-10-31 20:04:54,556 - INFO -    AUC: 0.504
2025-10-31 20:04:54,556 - INFO -    Hit Rate: 13.3%
2025-10-31 20:04:54,599 - INFO - wr_over_60_yards:
2025-10-31 20:04:54,599 - INFO -    Accuracy: 0.541 (baseline: 0.854)
2025-10-31 20:04:54,599 - INFO -    AUC: 0.489
2025-10-31 20:04:54,599 - INFO -    Hit Rate: 14.6%
2025-10-31 20:04:54,647 - INFO - player_over_25_yards:
2025-10-31 20:04:54,647 - INFO -    Accuracy: 0.482 (baseline: 0.611)
2025-10-31 20:04:54,647 - INFO -    AUC: 0.501
2025-10-31 20:04:54,647 - INFO -    Hit Rate: 38.9%
2025-10-31 20:04:54,694 - INFO - player_over_75_yards:
2025-10-31 20:04:54,694 - INFO -    Accuracy: 0.503 (baseline: 0.702)
2025-10-31 20:04:54,694 - INFO -    AUC: 0.500
2025-10-31 20:04:54,694 - INFO -    Hit Rate: 29.8%
2025-10-31 20:04:54,739 - INFO - player_scores_td:
2025-10-31 20:04:54,741 - INFO -    Accuracy: 0.498 (baseline: 0.607)
2025-10-31 20:04:54,741 - INFO -    AUC: 0.503
2025-10-31 20:04:54,741 - INFO -    Hit Rate: 39.3%
2025-10-31 20:04:54,744 - INFO - Average Accuracy: 0.516
2025-10-31 20:04:54,744 - INFO - Average AUC: 0.501
2025-10-31 20:04:54,746 - INFO - Generating betting predictions...
2025-10-31 20:04:54,973 - INFO - ============================================================
2025-10-31 20:04:54,973 - INFO - FINAL training completed successfully!
2025-10-31 20:04:54,973 - INFO - Total time: 0:00:09.231817
2025-10-31 20:04:54,973 - INFO - Models trained: 7
2025-10-31 20:04:54,974 - INFO - Key improvements:
2025-10-31 20:04:54,974 - INFO - - Eliminated all data leakage
2025-10-31 20:04:54,974 - INFO - - Proper temporal validation
2025-10-31 20:04:54,974 - INFO - - Realistic hit rates (5-40%)
2025-10-31 20:04:54,974 - INFO - - Binary classification models
2025-10-31 20:04:54,974 - INFO - - Expected accuracy: 60-75%
