2025-10-31 20:44:04,014 - INFO - Using complete 26-year NFL historical dataset
2025-10-31 20:44:04,014 - INFO - Target: 80-90% accuracy with maximum historical data
2025-10-31 20:44:04,014 - INFO - ============================================================
2025-10-31 20:44:04,014 - INFO - Loading COMPLETE 26-year NFL historical dataset...
2025-10-31 20:44:04,015 - INFO - Found 7 NFL data files
2025-10-31 20:44:04,074 - INFO -   defense_stats_historical_clean.csv: 33646 records
2025-10-31 20:44:04,084 - INFO -   passing_stats_historical_clean.csv: 2686 records
2025-10-31 20:44:04,106 - INFO -   receiving_stats_historical_clean.csv: 14512 records
2025-10-31 20:44:04,117 - INFO -   returns_stats_historical_clean.csv: 5874 records
2025-10-31 20:44:04,139 - INFO -   rushing_stats_historical_clean.csv: 13167 records
2025-10-31 20:44:04,154 - INFO -   scoring_stats_historical_clean.csv: 12082 records
2025-10-31 20:44:04,186 - INFO -   scrimmage_stats_historical_clean.csv: 15271 records
2025-10-31 20:44:04,186 - INFO - Combining all 26-year NFL datasets...
2025-10-31 20:44:04,228 - INFO - Creating comprehensive betting targets from 26-year data...
2025-10-31 20:44:04,278 - INFO - Created 7 betting targets from 26-year data
2025-10-31 20:44:04,278 - INFO - Creating comprehensive features from 26-year dataset...
2025-10-31 20:44:04,731 - INFO - Created 222 features from 26-year data
2025-10-31 20:44:04,735 - INFO - Training models on 26 years of NFL data...
2025-10-31 20:44:04,951 - INFO - Training model 1/7: above_median_yards
2025-10-31 20:44:18,836 - INFO -    0.769 accuracy (15.7% hit rate)
2025-10-31 20:44:18,836 - INFO - Training model 2/7: any_touchdown
2025-10-31 20:44:32,120 - INFO -    0.731 accuracy (16.8% hit rate)
2025-10-31 20:44:32,120 - INFO - Training model 3/7: frequent_player
2025-10-31 20:44:44,843 - INFO -    0.495 accuracy (53.0% hit rate)
2025-10-31 20:44:44,866 - INFO - Training model 4/7: starter_level
2025-10-31 20:44:58,770 - INFO -    0.574 accuracy (35.6% hit rate)
2025-10-31 20:44:58,772 - INFO - Training model 5/7: veteran_player
2025-10-31 20:45:12,442 - INFO -    0.679 accuracy (25.1% hit rate)
2025-10-31 20:45:12,442 - INFO - Training model 6/7: prime_age_player
2025-10-31 20:45:25,139 - INFO -    0.520 accuracy (45.7% hit rate)
2025-10-31 20:45:25,141 - INFO - Training model 7/7: consistent_performer
2025-10-31 20:45:38,778 - INFO -    0.757 accuracy (15.6% hit rate)
2025-10-31 20:45:38,781 - INFO - ============================================================
2025-10-31 20:45:38,782 - INFO - 26-YEAR NFL BETTING MODEL RESULTS:
2025-10-31 20:45:38,782 - INFO - Average Accuracy: 0.646
2025-10-31 20:45:38,782 - INFO - Average AUC: 0.498
2025-10-31 20:45:38,782 - INFO - Average Improvement: -0.066
2025-10-31 20:45:38,782 - INFO - Models trained: 7
2025-10-31 20:45:38,795 - INFO - ============================================================
