============================================================
MLS PLAYER STATS FETCHER - 2024 SEASON
============================================================
Fetching MLS rosters from all 29 teams...
NOTE: Using 2024 season data
Fetching ATL...
Fetching ATX...
Fetching CLT...
Fetching CHI...
Fetching CIN...
Fetching COL...
Fetching CLB...
Fetching DAL...
Fetching DC...
Fetching HOU...
Fetching LAG...
Fetching LAFC...
Fetching MIA...
Fetching MIN...
Fetching MTL...
Fetching NSH...
Fetching NE...
Fetching NY...
Fetching NYC...
Fetching ORL...
Fetching PHI...
Fetching POR...
Fetching RSL...
Fetching SJ...
Fetching SEA...
Fetching SKC...
Fetching STL...
Fetching TOR...
Fetching VAN...

============================================================
COMPLETE: 0 players saved to mls_player_data.json
============================================================

Summary:
  Total Players: 0
  Field Players: 0
  Goalkeepers: 0
