2025-10-30 22:35:07,345 - INFO - OPTIMIZED TRAINING STARTED: 2025-10-30 22:35:07.345377
2025-10-30 22:35:07,345 - INFO - OPTIMIZED DATASET LOADING...
2025-10-30 22:35:07,345 - INFO - Loading defense...
2025-10-30 22:35:07,400 - INFO - SUCCESS defense: 33,646 records
2025-10-30 22:35:07,400 - INFO - Loading receiving...
2025-10-30 22:35:07,422 - INFO - SUCCESS receiving: 14,512 records
2025-10-30 22:35:07,423 - INFO - Loading scrimmage...
2025-10-30 22:35:07,449 - INFO - SUCCESS scrimmage: 15,271 records
2025-10-30 22:35:07,449 - INFO - Loading rushing...
2025-10-30 22:35:07,476 - INFO - SUCCESS rushing: 13,167 records
2025-10-30 22:35:07,479 - INFO - Loading returns...
2025-10-30 22:35:07,489 - INFO - SUCCESS returns: 5,874 records
2025-10-30 22:35:07,490 - INFO - Loading passing...
2025-10-30 22:35:07,498 - INFO - SUCCESS passing: 2,686 records
2025-10-30 22:35:07,499 - INFO - Loading scoring...
2025-10-30 22:35:07,511 - INFO - SUCCESS scoring: 12,082 records
2025-10-30 22:35:07,513 - INFO - Loading kicking...
2025-10-30 22:35:07,515 - INFO - SUCCESS kicking: 1,687 records
2025-10-30 22:35:07,515 - INFO - Loading punting...
2025-10-30 22:35:07,517 - INFO - SUCCESS punting: 1,122 records
2025-10-30 22:35:07,517 - INFO - TOTAL DATASET SIZE: 100,047 records
2025-10-30 22:35:07,517 - INFO - OPTIMIZED FEATURE ENGINEERING...
2025-10-30 22:35:07,517 - INFO - Processing defense...
2025-10-30 22:35:07,522 - INFO - SUCCESS defense: 52 features
2025-10-30 22:35:07,522 - INFO - Processing receiving...
2025-10-30 22:35:07,527 - INFO - SUCCESS receiving: 49 features
2025-10-30 22:35:07,527 - INFO - Processing scrimmage...
2025-10-30 22:35:07,528 - INFO - SUCCESS scrimmage: 53 features
2025-10-30 22:35:07,528 - INFO - Processing rushing...
2025-10-30 22:35:07,532 - INFO - SUCCESS rushing: 59 features
2025-10-30 22:35:07,532 - INFO - Processing returns...
2025-10-30 22:35:07,534 - INFO - SUCCESS returns: 45 features
2025-10-30 22:35:07,534 - INFO - Processing passing...
2025-10-30 22:35:07,537 - INFO - SUCCESS passing: 63 features
2025-10-30 22:35:07,537 - INFO - Processing scoring...
2025-10-30 22:35:07,539 - INFO - SUCCESS scoring: 42 features
2025-10-30 22:35:07,540 - INFO - Processing kicking...
2025-10-30 22:35:07,540 - INFO - SUCCESS kicking: 38 features
2025-10-30 22:35:07,540 - INFO - Processing punting...
2025-10-30 22:35:07,541 - INFO - SUCCESS punting: 28 features
2025-10-30 22:35:07,541 - INFO - Combining datasets...
2025-10-30 22:35:07,593 - INFO - Efficient data cleaning...
2025-10-30 22:35:07,992 - INFO - Removing 6 constant features
2025-10-30 22:35:08,071 - INFO - Creating strategic interactions...
2025-10-30 22:35:08,084 - INFO - Created 20 strategic interactions
2025-10-30 22:35:08,084 - INFO - OPTIMIZED FEATURES COMPLETE: 100,047 records x 286 features
2025-10-30 22:35:08,085 - INFO - TARGET receptions_target: 100,047 samples
2025-10-30 22:35:08,085 - INFO - TARGET rec_td_target: 100,047 samples
2025-10-30 22:35:08,086 - INFO - TARGET rush_yards_target: 100,047 samples
2025-10-30 22:35:08,086 - INFO - TARGET rush_attempts_target: 100,047 samples
2025-10-30 22:35:08,086 - INFO - TARGET rush_td_target: 100,047 samples
2025-10-30 22:35:08,089 - INFO - TARGET pass_yards_target: 100,047 samples
2025-10-30 22:35:08,089 - INFO - TARGET pass_td_target: 100,047 samples
2025-10-30 22:35:08,089 - INFO - TARGET pass_int_target: 100,047 samples
2025-10-30 22:35:08,090 - INFO - TARGET fantasy_points_target: 100,047 samples
2025-10-30 22:35:08,090 - INFO - INTERACTION TARGET receptions_target_x_rec_td_target: 100,047 samples
2025-10-30 22:35:08,090 - INFO - INTERACTION TARGET receptions_target_ratio_rec_td_target: 100,047 samples
2025-10-30 22:35:08,092 - INFO - INTERACTION TARGET receptions_target_x_rush_yards_target: 100,047 samples
2025-10-30 22:35:08,092 - INFO - INTERACTION TARGET receptions_target_ratio_rush_yards_target: 100,047 samples
2025-10-30 22:35:08,092 - INFO - INTERACTION TARGET receptions_target_x_rush_attempts_target: 100,047 samples
2025-10-30 22:35:08,093 - INFO - INTERACTION TARGET receptions_target_ratio_rush_attempts_target: 100,047 samples
2025-10-30 22:35:08,094 - INFO - INTERACTION TARGET receptions_target_x_rush_td_target: 100,047 samples
2025-10-30 22:35:08,095 - INFO - INTERACTION TARGET receptions_target_ratio_rush_td_target: 100,047 samples
2025-10-30 22:35:08,095 - INFO - INTERACTION TARGET rec_td_target_x_rush_yards_target: 100,047 samples
2025-10-30 22:35:08,095 - INFO - INTERACTION TARGET rec_td_target_ratio_rush_yards_target: 100,047 samples
2025-10-30 22:35:08,095 - INFO - TOTAL BETTING TARGETS: 19
2025-10-30 22:35:09,081 - INFO - ================================================================================
2025-10-30 22:35:09,081 - INFO - OPTIMIZED TRAINING: MODEL 1/19
2025-10-30 22:35:09,081 - INFO - TARGET: receptions_target
2025-10-30 22:35:09,081 - INFO - ================================================================================
2025-10-30 22:35:09,313 - INFO - Training dataset: 100,047 samples x 243 features
2025-10-30 22:35:09,313 - INFO - Efficient feature selection...
2025-10-30 22:35:09,482 - INFO - Selected 150 features
2025-10-30 22:35:10,565 - INFO - Optimized hyperparameter search...
2025-10-30 22:35:10,565 - INFO - Using optimized GPU training
2025-10-30 22:35:10,565 - INFO - Starting optimized GPU search (648 combinations)...
